


ARM Macro Assembler    Page 1 


    1 00000000         
    2 00000000         
    3 00000000         
    4 00000000                 AREA             |.text|, CODE, READONLY, ALIGN=
2
    5 00000000                 THUMB                        ; Instruções do tip
                                                            o Thumb-2
    6 00000000         
    7 00000000         ; Se alguma função do arquivo for chamada em outro arqui
                       vo 
    8 00000000                 EXPORT           Interrupt   ; Permite chamar GP
                                                            IO_Init de outro ar
                                                            quivo
    9 00000000         ;EXPORT GPIOPortJ_Handler
   10 00000000         
   11 00000000         Interrupt
   12 00000000         
   13 00000000 4817            LDR              R0, =0x40060410 ; GPIO_PORTJ_AH
                                                            B_IM_R
   14 00000002 6801            LDR              R1, [R0]
   15 00000004 F021 0100       BIC              R1, R1, #2_00 ; DESATIVA INTERR
                                                            UPT NA PORTA J0
   16 00000008 6001            STR              R1, [R0]
   17 0000000A         
   18 0000000A 4816            LDR              R0, =0x40060404 ; SETA A PORTAS
                                                             J0 - GPIO_PORTJ_AH
                                                            B_IS_R
   19 0000000C 6801            LDR              R1, [R0]
   20 0000000E F021 0101       BIC              R1, R1, #2_01
   21 00000012 6001            STR              R1, [R0]
   22 00000014         
   23 00000014 4814            LDR              R0, =0x40060408 ; SETA 1 BORDA 
                                                            DE INTERRUPT PARA P
                                                            ORTA J0 - GPIO_PORT
                                                            J_AHB_IBE_R
   24 00000016 6801            LDR              R1, [R0]
   25 00000018 F021 0101       BIC              R1, R1, #2_01
   26 0000001C 6001            STR              R1, [R0]
   27 0000001E         
   28 0000001E 4813            LDR              R0, =0x4006040C ; SETA A PORTA 
                                                            J0 COMO BORDA DE DE
                                                            SCIDA - GPIO_PORTJ_
                                                            AHB_IEV_R
   29 00000020 6801            LDR              R1, [R0]
   30 00000022 F021 0100       BIC              R1, R1, #2_00
   31 00000026 F041 0100       ORR              R1, R1, #2_00
   32 0000002A 6001            STR              R1, [R0]
   33 0000002C         
   34 0000002C 4810            LDR              R0, =0x4006041C ; LIMPA INTERRU
                                                            PTS DA PORTA J0 - G
                                                            PIO_PORTJ_AHB_ICR_R
                                                            
   35 0000002E 6801            LDR              R1, [R0]
   36 00000030 F041 0101       ORR              R1, R1, #2_01
   37 00000034 6001            STR              R1, [R0]
   38 00000036         
   39 00000036 480A            LDR              R0, =0x40060410 ; ATIVA INTERRU
                                                            PT NA PORTA J0- GPI
                                                            O_PORTJ_AHB_IM_R



ARM Macro Assembler    Page 2 


   40 00000038 6801            LDR              R1, [R0]
   41 0000003A F041 0101       ORR              R1, R1, #2_01
   42 0000003E 6001            STR              R1, [R0]
   43 00000040         
   44 00000040 480C            LDR              R0, =0xE000E104 ; ATIVAR FONTE 
                                                            DE INTERRUPT NA POR
                                                            TA J, EN1
   45 00000042 6801            LDR              R1, [R0]
   46 00000044 F04F 0201       MOV              R2, #1
   47 00000048 EA41 41C2       ORR              R1, R1, R2, LSL#19
   48 0000004C 6001            STR              R1, [R0]
   49 0000004E         
   50 0000004E 480A            LDR              R0, =0xE000E430 ; SETA PRIORIDA
                                                            DE - NVIC_EN1_R, PR
                                                            I12
   51 00000050 6801            LDR              R1, [R0]
   52 00000052 F04F 0203       MOV              R2, #3
   53 00000056 EA41 7142       ORR              R1, R1, R2, LSL#29
   54 0000005A 6001            STR              R1, [R0]
   55 0000005C         
   56 0000005C 4770            BX               LR
   57 0000005E         
   58 0000005E 00 00           ALIGN                        ;Garante que o fim 
                                                            da seção está alinh
                                                            ada 
   59 00000060                 END                          ;Fim do arquivo
              40060410 
              40060404 
              40060408 
              4006040C 
              4006041C 
              E000E104 
              E000E430 
Command Line: --debug --xref --diag_suppress=9931 --cpu=Cortex-M4.fp.sp --apcs=
interwork --depend=.\objects\interrupt.d -o.\objects\interrupt.o -I"D:\Programs
\keil arm core\Keil\TM4C_DFP\1.1.0\Device\Include\TM4C129" --predefine="__EVAL 
SETA 1" --predefine="__UVISION_VERSION SETA 536" --predefine="TM4C1294NCPDT SET
A 1" --list=.\listings\interrupt.lst interrupt.s



ARM Macro Assembler    Page 1 Alphabetic symbol ordering
Relocatable symbols

.text 00000000

Symbol: .text
   Definitions
      At line 4 in file interrupt.s
   Uses
      None
Comment: .text unused
Interrupt 00000000

Symbol: Interrupt
   Definitions
      At line 11 in file interrupt.s
   Uses
      At line 8 in file interrupt.s
Comment: Interrupt used once
2 symbols
338 symbols in table
