


ARM Macro Assembler    Page 1 


    1 00000000         ;Gpio.s
    2 00000000         ; Desenvolvido para a placa EK-TM4C1294XL
    3 00000000         ; Prof.Guilherme Peron
    4 00000000         ; Ver 1 19/03/2018
    5 00000000         ; Ver 2 26/08/2018
    6 00000000         
    7 00000000         ; ------------------------------------------------------
                       -------------------------
    8 00000000                 THUMB                        ; Instruções do tip
                                                            o Thumb-2
    9 00000000         ; ------------------------------------------------------
                       -------------------------
   10 00000000         ; Declarações EQU - Defines
   11 00000000         ; ========================
   12 00000000         ; ========================
   13 00000000         ; Definições dos RegistradoresGerais
   14 00000000 400FE608 
                       SYSCTL_RCGCGPIO_R
                               EQU              0x400FE608
   15 00000000 400FEA08 
                       SYSCTL_PRGPIO_R
                               EQU              0x400FEA08
   16 00000000 40058000 
                       GPIO_PORTA_AHB_DATA_BITS_R
                               EQU              0x40058000
   17 00000000         ; ========================
   18 00000000         ; Definições dos Ports
   19 00000000         ; PORT A
   20 00000000         
   21 00000000 400583FC 
                       GPIO_PORTA_AHB_DATA_R
                               EQU              0x400583FC
   22 00000000 40058400 
                       GPIO_PORTA_AHB_DIR_R
                               EQU              0x40058400
   23 00000000 40058404 
                       GPIO_PORTA_AHB_IS_R
                               EQU              0x40058404
   24 00000000 40058408 
                       GPIO_PORTA_AHB_IBE_R
                               EQU              0x40058408
   25 00000000 4005840C 
                       GPIO_PORTA_AHB_IEV_R
                               EQU              0x4005840C
   26 00000000 40058410 
                       GPIO_PORTA_AHB_IM_R
                               EQU              0x40058410
   27 00000000 40058414 
                       GPIO_PORTA_AHB_RIS_R
                               EQU              0x40058414
   28 00000000 40058418 
                       GPIO_PORTA_AHB_MIS_R
                               EQU              0x40058418
   29 00000000 4005841C 
                       GPIO_PORTA_AHB_ICR_R
                               EQU              0x4005841C
   30 00000000 40058420 
                       GPIO_PORTA_AHB_AFSEL_R
                               EQU              0x40058420



ARM Macro Assembler    Page 2 


   31 00000000 40058500 
                       GPIO_PORTA_AHB_DR2R_R
                               EQU              0x40058500
   32 00000000 40058504 
                       GPIO_PORTA_AHB_DR4R_R
                               EQU              0x40058504
   33 00000000 40058508 
                       GPIO_PORTA_AHB_DR8R_R
                               EQU              0x40058508
   34 00000000 4005850C 
                       GPIO_PORTA_AHB_ODR_R
                               EQU              0x4005850C
   35 00000000 40058510 
                       GPIO_PORTA_AHB_PUR_R
                               EQU              0x40058510
   36 00000000 40058514 
                       GPIO_PORTA_AHB_PDR_R
                               EQU              0x40058514
   37 00000000 40058518 
                       GPIO_PORTA_AHB_SLR_R
                               EQU              0x40058518
   38 00000000 4005851C 
                       GPIO_PORTA_AHB_DEN_R
                               EQU              0x4005851C
   39 00000000 40058520 
                       GPIO_PORTA_AHB_LOCK_R
                               EQU              0x40058520
   40 00000000 40058524 
                       GPIO_PORTA_AHB_CR_R
                               EQU              0x40058524
   41 00000000 40058528 
                       GPIO_PORTA_AHB_AMSEL_R
                               EQU              0x40058528
   42 00000000 4005852C 
                       GPIO_PORTA_AHB_PCTL_R
                               EQU              0x4005852C
   43 00000000 40058530 
                       GPIO_PORTA_AHB_ADCCTL_R
                               EQU              0x40058530
   44 00000000 40058534 
                       GPIO_PORTA_AHB_DMACTL_R
                               EQU              0x40058534
   45 00000000 40058538 
                       GPIO_PORTA_AHB_SI_R
                               EQU              0x40058538
   46 00000000 4005853C 
                       GPIO_PORTA_AHB_DR12R_R
                               EQU              0x4005853C
   47 00000000 40058540 
                       GPIO_PORTA_AHB_WAKEPEN_R
                               EQU              0x40058540
   48 00000000 40058544 
                       GPIO_PORTA_AHB_WAKELVL_R
                               EQU              0x40058544
   49 00000000 40058548 
                       GPIO_PORTA_AHB_WAKESTAT_R
                               EQU              0x40058548
   50 00000000 40058FC0 
                       GPIO_PORTA_AHB_PP_R



ARM Macro Assembler    Page 3 


                               EQU              0x40058FC0
   51 00000000 40058FC4 
                       GPIO_PORTA_AHB_PC_R
                               EQU              0x40058FC4
   52 00000000 00000001 
                       GPIO_PORTA
                               EQU              2_000000000000001
   53 00000000         ; PORT J
   54 00000000 40060520 
                       GPIO_PORTJ_AHB_LOCK_R
                               EQU              0x40060520
   55 00000000 40060524 
                       GPIO_PORTJ_AHB_CR_R
                               EQU              0x40060524
   56 00000000 40060528 
                       GPIO_PORTJ_AHB_AMSEL_R
                               EQU              0x40060528
   57 00000000 4006052C 
                       GPIO_PORTJ_AHB_PCTL_R
                               EQU              0x4006052C
   58 00000000 40060400 
                       GPIO_PORTJ_AHB_DIR_R
                               EQU              0x40060400
   59 00000000 40060420 
                       GPIO_PORTJ_AHB_AFSEL_R
                               EQU              0x40060420
   60 00000000 4006051C 
                       GPIO_PORTJ_AHB_DEN_R
                               EQU              0x4006051C
   61 00000000 40060510 
                       GPIO_PORTJ_AHB_PUR_R
                               EQU              0x40060510
   62 00000000 400603FC 
                       GPIO_PORTJ_AHB_DATA_R
                               EQU              0x400603FC
   63 00000000 00000100 
                       GPIO_PORTJ
                               EQU              2_000000100000000
   64 00000000         ; PORT N
   65 00000000 40064520 
                       GPIO_PORTN_AHB_LOCK_R
                               EQU              0x40064520
   66 00000000 40064524 
                       GPIO_PORTN_AHB_CR_R
                               EQU              0x40064524
   67 00000000 40064528 
                       GPIO_PORTN_AHB_AMSEL_R
                               EQU              0x40064528
   68 00000000 4006452C 
                       GPIO_PORTN_AHB_PCTL_R
                               EQU              0x4006452C
   69 00000000 40064400 
                       GPIO_PORTN_AHB_DIR_R
                               EQU              0x40064400
   70 00000000 40064420 
                       GPIO_PORTN_AHB_AFSEL_R
                               EQU              0x40064420
   71 00000000 4006451C 
                       GPIO_PORTN_AHB_DEN_R



ARM Macro Assembler    Page 4 


                               EQU              0x4006451C
   72 00000000 40064510 
                       GPIO_PORTN_AHB_PUR_R
                               EQU              0x40064510
   73 00000000 400643FC 
                       GPIO_PORTN_AHB_DATA_R
                               EQU              0x400643FC
   74 00000000 00001000 
                       GPIO_PORTN
                               EQU              2_001000000000000
   75 00000000         ; PORT F
   76 00000000 4005D520 
                       GPIO_PORTF_AHB_LOCK_R
                               EQU              0x4005D520
   77 00000000 4005D524 
                       GPIO_PORTF_AHB_CR_R
                               EQU              0x4005D524
   78 00000000 4005D528 
                       GPIO_PORTF_AHB_AMSEL_R
                               EQU              0x4005D528
   79 00000000 4005D52C 
                       GPIO_PORTF_AHB_PCTL_R
                               EQU              0x4005D52C
   80 00000000 4005D400 
                       GPIO_PORTF_AHB_DIR_R
                               EQU              0x4005D400
   81 00000000 4005D420 
                       GPIO_PORTF_AHB_AFSEL_R
                               EQU              0x4005D420
   82 00000000 4005D51C 
                       GPIO_PORTF_AHB_DEN_R
                               EQU              0x4005D51C
   83 00000000 4005D510 
                       GPIO_PORTF_AHB_PUR_R
                               EQU              0x4005D510
   84 00000000 4005D3FC 
                       GPIO_PORTF_AHB_DATA_R
                               EQU              0x4005D3FC
   85 00000000 00000020 
                       GPIO_PORTF
                               EQU              2_000000000100000
   86 00000000         ; PORT P
   87 00000000         
   88 00000000 400653FC 
                       GPIO_PORTP_DATA_R
                               EQU              0x400653FC
   89 00000000 40065400 
                       GPIO_PORTP_DIR_R
                               EQU              0x40065400
   90 00000000 40065404 
                       GPIO_PORTP_IS_R
                               EQU              0x40065404
   91 00000000 40065408 
                       GPIO_PORTP_IBE_R
                               EQU              0x40065408
   92 00000000 4006540C 
                       GPIO_PORTP_IEV_R
                               EQU              0x4006540C
   93 00000000 40065410 



ARM Macro Assembler    Page 5 


                       GPIO_PORTP_IM_R
                               EQU              0x40065410
   94 00000000 40065414 
                       GPIO_PORTP_RIS_R
                               EQU              0x40065414
   95 00000000 40065418 
                       GPIO_PORTP_MIS_R
                               EQU              0x40065418
   96 00000000 4006541C 
                       GPIO_PORTP_ICR_R
                               EQU              0x4006541C
   97 00000000 40065420 
                       GPIO_PORTP_AFSEL_R
                               EQU              0x40065420
   98 00000000 40065500 
                       GPIO_PORTP_DR2R_R
                               EQU              0x40065500
   99 00000000 40065504 
                       GPIO_PORTP_DR4R_R
                               EQU              0x40065504
  100 00000000 40065508 
                       GPIO_PORTP_DR8R_R
                               EQU              0x40065508
  101 00000000 4006550C 
                       GPIO_PORTP_ODR_R
                               EQU              0x4006550C
  102 00000000 40065510 
                       GPIO_PORTP_PUR_R
                               EQU              0x40065510
  103 00000000 40065514 
                       GPIO_PORTP_PDR_R
                               EQU              0x40065514
  104 00000000 40065518 
                       GPIO_PORTP_SLR_R
                               EQU              0x40065518
  105 00000000 4006551C 
                       GPIO_PORTP_DEN_R
                               EQU              0x4006551C
  106 00000000 40065520 
                       GPIO_PORTP_LOCK_R
                               EQU              0x40065520
  107 00000000 40065524 
                       GPIO_PORTP_CR_R
                               EQU              0x40065524
  108 00000000 40065528 
                       GPIO_PORTP_AMSEL_R
                               EQU              0x40065528
  109 00000000 4006552C 
                       GPIO_PORTP_PCTL_R
                               EQU              0x4006552C
  110 00000000 40065530 
                       GPIO_PORTP_ADCCTL_R
                               EQU              0x40065530
  111 00000000 40065534 
                       GPIO_PORTP_DMACTL_R
                               EQU              0x40065534
  112 00000000 40065538 
                       GPIO_PORTP_SI_R
                               EQU              0x40065538



ARM Macro Assembler    Page 6 


  113 00000000 4006553C 
                       GPIO_PORTP_DR12R_R
                               EQU              0x4006553C
  114 00000000 40065540 
                       GPIO_PORTP_WAKEPEN_R
                               EQU              0x40065540
  115 00000000 40065544 
                       GPIO_PORTP_WAKELVL_R
                               EQU              0x40065544
  116 00000000 40065548 
                       GPIO_PORTP_WAKESTAT_R
                               EQU              0x40065548
  117 00000000 40065FC0 
                       GPIO_PORTP_PP_R
                               EQU              0x40065FC0
  118 00000000 40065FC4 
                       GPIO_PORTP_PC_R
                               EQU              0x40065FC4
  119 00000000 00002000 
                       GPIO_PORTP
                               EQU              2_010000000000000
  120 00000000         
  121 00000000         ;//*****************************************************
                       ************************
  122 00000000         ;//
  123 00000000         ;//GPIO registers (PORTQ)
  124 00000000         ;//
  125 00000000         ;//*****************************************************
                       ************************
  126 00000000 40066000 
                       GPIO_PORTQ_DATA_BITS_R
                               EQU              0x40066000
  127 00000000 400663FC 
                       GPIO_PORTQ_DATA_R
                               EQU              0x400663FC
  128 00000000 40066400 
                       GPIO_PORTQ_DIR_R
                               EQU              0x40066400
  129 00000000 40066404 
                       GPIO_PORTQ_IS_R
                               EQU              0x40066404
  130 00000000 40066408 
                       GPIO_PORTQ_IBE_R
                               EQU              0x40066408
  131 00000000 4006640C 
                       GPIO_PORTQ_IEV_R
                               EQU              0x4006640C
  132 00000000 40066410 
                       GPIO_PORTQ_IM_R
                               EQU              0x40066410
  133 00000000 40066414 
                       GPIO_PORTQ_RIS_R
                               EQU              0x40066414
  134 00000000 40066418 
                       GPIO_PORTQ_MIS_R
                               EQU              0x40066418
  135 00000000 4006641C 
                       GPIO_PORTQ_ICR_R
                               EQU              0x4006641C



ARM Macro Assembler    Page 7 


  136 00000000 40066420 
                       GPIO_PORTQ_AFSEL_R
                               EQU              0x40066420
  137 00000000 40066500 
                       GPIO_PORTQ_DR2R_R
                               EQU              0x40066500
  138 00000000 40066504 
                       GPIO_PORTQ_DR4R_R
                               EQU              0x40066504
  139 00000000 40066508 
                       GPIO_PORTQ_DR8R_R
                               EQU              0x40066508
  140 00000000 4006650C 
                       GPIO_PORTQ_ODR_R
                               EQU              0x4006650C
  141 00000000 40066510 
                       GPIO_PORTQ_PUR_R
                               EQU              0x40066510
  142 00000000 40066514 
                       GPIO_PORTQ_PDR_R
                               EQU              0x40066514
  143 00000000 40066518 
                       GPIO_PORTQ_SLR_R
                               EQU              0x40066518
  144 00000000 4006651C 
                       GPIO_PORTQ_DEN_R
                               EQU              0x4006651C
  145 00000000 40066520 
                       GPIO_PORTQ_LOCK_R
                               EQU              0x40066520
  146 00000000 40066524 
                       GPIO_PORTQ_CR_R
                               EQU              0x40066524
  147 00000000 40066528 
                       GPIO_PORTQ_AMSEL_R
                               EQU              0x40066528
  148 00000000 4006652C 
                       GPIO_PORTQ_PCTL_R
                               EQU              0x4006652C
  149 00000000 40066530 
                       GPIO_PORTQ_ADCCTL_R
                               EQU              0x40066530
  150 00000000 40066534 
                       GPIO_PORTQ_DMACTL_R
                               EQU              0x40066534
  151 00000000 40066538 
                       GPIO_PORTQ_SI_R
                               EQU              0x40066538
  152 00000000 4006653C 
                       GPIO_PORTQ_DR12R_R
                               EQU              0x4006653C
  153 00000000 40066540 
                       GPIO_PORTQ_WAKEPEN_R
                               EQU              0x40066540
  154 00000000 40066544 
                       GPIO_PORTQ_WAKELVL_R
                               EQU              0x40066544
  155 00000000 40066548 
                       GPIO_PORTQ_WAKESTAT_R



ARM Macro Assembler    Page 8 


                               EQU              0x40066548
  156 00000000 40066FC0 
                       GPIO_PORTQ_PP_R
                               EQU              0x40066FC0
  157 00000000 040066FC 
                       GPIO_PORTQ_PC_R
                               EQU              0x40066FC
  158 00000000 00004000 
                       GPIO_PORTQ
                               EQU              2_100000000000000
  159 00000000         
  160 00000000         ;//*****************************************************
                       ************************
  161 00000000         ;//
  162 00000000         ;//GPIO registers (PORTB AHB)
  163 00000000         ;//
  164 00000000         ;//*****************************************************
                       ************************
  165 00000000 40059000 
                       GPIO_PORTB_AHB_DATA_BITS_R
                               EQU              0x40059000
  166 00000000 400593FC 
                       GPIO_PORTB_AHB_DATA_R
                               EQU              0x400593FC
  167 00000000 40059400 
                       GPIO_PORTB_AHB_DIR_R
                               EQU              0x40059400
  168 00000000 40059404 
                       GPIO_PORTB_AHB_IS_R
                               EQU              0x40059404
  169 00000000 40059408 
                       GPIO_PORTB_AHB_IBE_R
                               EQU              0x40059408
  170 00000000 4005940C 
                       GPIO_PORTB_AHB_IEV_R
                               EQU              0x4005940C
  171 00000000 40059410 
                       GPIO_PORTB_AHB_IM_R
                               EQU              0x40059410
  172 00000000 40059414 
                       GPIO_PORTB_AHB_RIS_R
                               EQU              0x40059414
  173 00000000 40059418 
                       GPIO_PORTB_AHB_MIS_R
                               EQU              0x40059418
  174 00000000 4005941C 
                       GPIO_PORTB_AHB_ICR_R
                               EQU              0x4005941C
  175 00000000 40059420 
                       GPIO_PORTB_AHB_AFSEL_R
                               EQU              0x40059420
  176 00000000 40059500 
                       GPIO_PORTB_AHB_DR2R_R
                               EQU              0x40059500
  177 00000000 40059504 
                       GPIO_PORTB_AHB_DR4R_R
                               EQU              0x40059504
  178 00000000 40059508 
                       GPIO_PORTB_AHB_DR8R_R



ARM Macro Assembler    Page 9 


                               EQU              0x40059508
  179 00000000 4005950C 
                       GPIO_PORTB_AHB_ODR_R
                               EQU              0x4005950C
  180 00000000 40059510 
                       GPIO_PORTB_AHB_PUR_R
                               EQU              0x40059510
  181 00000000 40059514 
                       GPIO_PORTB_AHB_PDR_R
                               EQU              0x40059514
  182 00000000 40059518 
                       GPIO_PORTB_AHB_SLR_R
                               EQU              0x40059518
  183 00000000 4005951C 
                       GPIO_PORTB_AHB_DEN_R
                               EQU              0x4005951C
  184 00000000 40059520 
                       GPIO_PORTB_AHB_LOCK_R
                               EQU              0x40059520
  185 00000000 40059524 
                       GPIO_PORTB_AHB_CR_R
                               EQU              0x40059524
  186 00000000 40059528 
                       GPIO_PORTB_AHB_AMSEL_R
                               EQU              0x40059528
  187 00000000 4005952C 
                       GPIO_PORTB_AHB_PCTL_R
                               EQU              0x4005952C
  188 00000000 40059530 
                       GPIO_PORTB_AHB_ADCCTL_R
                               EQU              0x40059530
  189 00000000 40059534 
                       GPIO_PORTB_AHB_DMACTL_R
                               EQU              0x40059534
  190 00000000 40059538 
                       GPIO_PORTB_AHB_SI_R
                               EQU              0x40059538
  191 00000000 4005953C 
                       GPIO_PORTB_AHB_DR12R_R
                               EQU              0x4005953C
  192 00000000 40059540 
                       GPIO_PORTB_AHB_WAKEPEN_R
                               EQU              0x40059540
  193 00000000 40059544 
                       GPIO_PORTB_AHB_WAKELVL_R
                               EQU              0x40059544
  194 00000000 40059548 
                       GPIO_PORTB_AHB_WAKESTAT_R
                               EQU              0x40059548
  195 00000000 40059FC0 
                       GPIO_PORTB_AHB_PP_R
                               EQU              0x40059FC0
  196 00000000 40059FC4 
                       GPIO_PORTB_AHB_PC_R
                               EQU              0x40059FC4
  197 00000000 00000002 
                       GPIO_PORTB
                               EQU              2_000000000000010
  198 00000000         



ARM Macro Assembler    Page 10 


  199 00000000         
  200 00000000         
  201 00000000         ; ------------------------------------------------------
                       -------------------------
  202 00000000         ; Área de Código - Tudo abaixo da diretiva a seguir será
                        armazenado na memória de 
  203 00000000         ;                  código
  204 00000000                 AREA             |.text|, CODE, READONLY, ALIGN=
2
  205 00000000         
  206 00000000         ; Se alguma função do arquivo for chamada em outro arqui
                       vo 
  207 00000000                 EXPORT           GPIO_Init   ; Permite chamarGPI
                                                            O_Init de outro arq
                                                            uivo
  208 00000000         ; ****************************************
  209 00000000         ; Exportar as funções usadas em outros arquivos
  210 00000000         ; ****************************************
  211 00000000                 EXPORT           PortJ_Input
  212 00000000                 EXPORT           Port_Output
  213 00000000                 EXPORT           PortA_Output
  214 00000000                 EXPORT           PortP_Output
  215 00000000                 EXPORT           PortQ_Output
  216 00000000                 EXPORT           PortB_Output
  217 00000000         ;-------------------------------------------------------
                       -------------------------
  218 00000000         ; FunçãoGPIO_Init
  219 00000000         ; Parâmetro de entrada: Não tem
  220 00000000         ; Parâmetro de saída: Não tem
  221 00000000         GPIO_Init
  222 00000000         ;=====================
  223 00000000         ; ****************************************
  224 00000000         ; Escrever função de inicialização dosGPIO
  225 00000000         ; Inicializar todas as portas utilizadas.
  226 00000000         ; ****************************************
  227 00000000         ; Precisamos fazer um o passo a passo que o prof colocou
                        no vídeo deGPIO
  228 00000000         ; 1. Setar os bits das portas no RCGCPIO e habiliar o cl
                       ock de cada porta
  229 00000000 4857            LDR              R0, =SYSCTL_RCGCGPIO_R ;Carrega
                                                             o endereço do regi
                                                            strador RCGCGPIO
  230 00000002 F44F 5180       MOV              R1, #GPIO_PORTN ;Seta o bit da 
                                                            porta N
  231 00000006 F441 7180       ORR              R1, #GPIO_PORTJ ;Seta o bit da 
                                                            porta J, fazendo co
                                                            m OR
  232 0000000A F041 0120       ORR              R1, #GPIO_PORTF ;Seta o bit da 
                                                            porta F, fazendo co
                                                            m OR
  233 0000000E F041 0101       ORR              R1, #GPIO_PORTA
  234 00000012 F041 0102       ORR              R1, #GPIO_PORTB
  235 00000016 F441 4180       ORR              R1, #GPIO_PORTQ
  236 0000001A F441 5100       ORR              R1, #GPIO_PORTP
  237 0000001E 6001            STR              R1, [R0]    ;Armazena na memóri
                                                            a os bits do regist
                                                            rador RCGCGPIO
  238 00000020         
  239 00000020         ; 2. Verificar no PRGPIO se a porta está pronta para uso



ARM Macro Assembler    Page 11 


                       
  240 00000020 4850            LDR              R0, =SYSCTL_PRGPIO_R ;Carrega o
                                                             endereço do PRGPIO
                                                             pra checar se os b
                                                            its já foram setado
                                                            s
  241 00000022 6801    CheckGPIO
                               LDR              R1, [R0]    ;Carrega da memória
                                                             o conteúdo do ende
                                                            reço do registrador
                                                            
  242 00000024 F44F 5280       MOV              R2, #GPIO_PORTN ;Seta os bits d
                                                            as portas para comp
                                                            arar
  243 00000028 F442 7280       ORR              R2, #GPIO_PORTJ ;Seta o bit da 
                                                            porta J, agora com 
                                                            OR para não sobresc
                                                            rever
  244 0000002C F042 0220       ORR              R2, #GPIO_PORTF ;Seta o bit da 
                                                            porta F, agora com 
                                                            OR para não sobresc
                                                            rever
  245 00000030 4211            TST              R1, R2      ;ANDS de R1 com R2
  246 00000032 D0F6            BEQ              CheckGPIO   ;Se R1 != R2, Z vai
                                                             receber 1, e o cód
                                                            igo volta para a br
                                                            anch
  247 00000034         
  248 00000034         ; 3. Zerar os bits das portas noGPIOAMSEL para desabilit
                       ar a entrada analógica
  249 00000034 F04F 0100       MOV              R1, #0x00   ;Zera o registrador
                                                             para desabilitar a
                                                             função analógica
  250 00000038 484B            LDR              R0, =GPIO_PORTJ_AHB_AMSEL_R ;Ca
                                                            rrega R0 com o ende
                                                            reço do AMSEL para 
                                                            a porta J
  251 0000003A 6001            STR              R1, [R0]    ;Guarda no registra
                                                            dor AMSEL da porta 
                                                            J da memória
  252 0000003C 484B            LDR              R0, =GPIO_PORTN_AHB_AMSEL_R ;Ca
                                                            rrega R0 com o ende
                                                            reço do AMSEL para 
                                                            a porta N
  253 0000003E 6001            STR              R1, [R0]    ;Guarda no registra
                                                            dor AMSEL da porta 
                                                            N da memória
  254 00000040 484B            LDR              R0, =GPIO_PORTF_AHB_AMSEL_R ;Ca
                                                            rrega R0 com o ende
                                                            reço do AMSEL para 
                                                            a porta F
  255 00000042 6001            STR              R1, [R0]    ;Guarda no registra
                                                            dor AMSEL da porta 
                                                            F da memória
  256 00000044         
  257 00000044         ; 4. Zerar os bits das portas noGPIOPCTL, que desabilita
                        o uso de funções alternativas
  258 00000044 F04F 0100       MOV              R1, #0x00   ;Zera o registrador
                                                             para selecionar o 



ARM Macro Assembler    Page 12 


                                                            modoGPIO
  259 00000048 484A            LDR              R0, =GPIO_PORTJ_AHB_PCTL_R ;Car
                                                            rega R0 com o ender
                                                            eço do PCTL para a 
                                                            porta J
  260 0000004A 6001            STR              R1, [R0]    ;Guarda no registra
                                                            dor PCTL da porta J
                                                             da memória
  261 0000004C 484A            LDR              R0, =GPIO_PORTN_AHB_PCTL_R ;Car
                                                            rega R0 com o ender
                                                            eço do PCTL para a 
                                                            porta N
  262 0000004E 6001            STR              R1, [R0]    ;Guarda no registra
                                                            dor PCTL da porta N
                                                             da memória
  263 00000050 484A            LDR              R0, =GPIO_PORTF_AHB_PCTL_R ;Car
                                                            rega R0 com o ender
                                                            eço do PCTL para a 
                                                            porta F
  264 00000052 6001            STR              R1, [R0]    ;Guarda no registra
                                                            dor PCTL da porta F
                                                             da memória
  265 00000054         
  266 00000054         
  267 00000054         
  268 00000054         ; 5. Zerar os bits das portas de entrada e setar as port
                       as de saída noGPIODIR
  269 00000054         ; seta as saídas - F e N
  270 00000054 484A            LDR              R0, =GPIO_PORTN_AHB_DIR_R ;Carr
                                                            ega R0 com o endere
                                                            ço doGPIODIR para a
                                                             porta N
  271 00000056 F04F 0103       MOV              R1, #2_00000011 
                                                            ;PN1 & PN0 para LED
                                                            
  272 0000005A 6001            STR              R1, [R0]    ;Guarda na porta N 
                                                            doGPIODIR o valor d
                                                            e R1
  273 0000005C 4849            LDR              R0, =GPIO_PORTF_AHB_DIR_R ;Carr
                                                            ega R0 com o endere
                                                            ço do DIR para a po
                                                            rta F
  274 0000005E F04F 0111       MOV              R1, #2_00010001 
                                                            ;PF4 & PF0 para LED
                                                            
  275 00000062 6001            STR              R1, [R0]    ;Guarda na porta F 
                                                            doGPIO o valor do R
                                                            1
  276 00000064 4848            LDR              R0, =GPIO_PORTA_AHB_DIR_R ;Carr
                                                            ega R0 com o endere
                                                            ço do AMSEL para a 
                                                            porta A
  277 00000066 F04F 01F0       MOV              R1, #2_11110000 ;Guarda no regi
                                                            strador AMSEL da po
                                                            rta F da memória
  278 0000006A 6001            STR              R1, [R0]    ;Guarda na porta F 
                                                            doGPIO o valor do R
                                                            1
  279 0000006C 4847            LDR              R0, =GPIO_PORTB_AHB_DIR_R ;Carr



ARM Macro Assembler    Page 13 


                                                            ega R0 com o endere
                                                            ço do AMSEL para a 
                                                            porta B
  280 0000006E F04F 0130       MOV              R1, #2_00110000 ;Guarda no regi
                                                            strador AMSEL da po
                                                            rta F da memória
  281 00000072 6001            STR              R1, [R0]    ;Guarda na porta F 
                                                            doGPIO o valor do R
                                                            1
  282 00000074 4846            LDR              R0, =GPIO_PORTP_DIR_R ;Carrega 
                                                            R0 com o endereço d
                                                            o AMSEL para a port
                                                            a B
  283 00000076 F04F 0120       MOV              R1, #2_00100000 ;Guarda no regi
                                                            strador AMSEL da po
                                                            rta F da memória
  284 0000007A 6001            STR              R1, [R0]    ;Guarda na porta F 
                                                            doGPIO o valor do R
                                                            1
  285 0000007C 4845            LDR              R0, =GPIO_PORTQ_DIR_R ;Carrega 
                                                            R0 com o endereço d
                                                            o AMSEL para a port
                                                            a B
  286 0000007E F04F 010F       MOV              R1, #2_00001111 ;Guarda no regi
                                                            strador AMSEL da po
                                                            rta F da memória
  287 00000082 6001            STR              R1, [R0]
  288 00000084         
  289 00000084         
  290 00000084         ; zera a entrada J 
  291 00000084 4844            LDR              R0, =GPIO_PORTJ_AHB_DIR_R ;Carr
                                                            ega R0 com o endere
                                                            ço doGPIODIR para a
                                                             porta J
  292 00000086 F04F 0100       MOV              R1, #0x00   ;Colocar no registr
                                                            adorGPIODIR para fu
                                                            ncionar como saída
  293 0000008A 6001            STR              R1, [R0]    ;Guarda no registra
                                                            dor PCTL da porta J
                                                             da memória
  294 0000008C         
  295 0000008C         ; 6. Zerar os bits AFSEL ;    
  296 0000008C F04F 0100       MOV              R1, #0x00   ;Colocar o valor 0 
                                                            para não setar funç
                                                            ão alternativa
  297 00000090 4842            LDR              R0, =GPIO_PORTN_AHB_AFSEL_R ;Ca
                                                            rrega o endereço do
                                                             AFSEL da porta N
  298 00000092 6001            STR              R1, [R0]    ;Desabilita o AFSEL
                                                             na porta N
  299 00000094 4842            LDR              R0, =GPIO_PORTJ_AHB_AFSEL_R ;Ca
                                                            rrega o endereço do
                                                             AFSEL da porta J
  300 00000096 6001            STR              R1, [R0]    ;Desabilita o AFSEL
                                                             na porta J
  301 00000098 4842            LDR              R0, =GPIO_PORTF_AHB_AFSEL_R ;Ca
                                                            rrega o endereço do
                                                             AFSEL da porta F
  302 0000009A 6001            STR              R1, [R0]    ;Desabilita o AFSEL



ARM Macro Assembler    Page 14 


                                                             na porta F
  303 0000009C 4842            LDR              R0, =GPIO_PORTA_AHB_AFSEL_R ;Ca
                                                            rrega R0 com o ende
                                                            reço do AMSEL para 
                                                            a porta A
  304 0000009E 6001            STR              R1, [R0]    ;Guarda no registra
                                                            dor AMSEL da porta 
                                                            F da memória
  305 000000A0 4842            LDR              R0, =GPIO_PORTB_AHB_AFSEL_R ;Ca
                                                            rrega R0 com o ende
                                                            reço do AMSEL para 
                                                            a porta B
  306 000000A2 6001            STR              R1, [R0]    ;Guarda no registra
                                                            dor AMSEL da porta 
                                                            F da memória
  307 000000A4         
  308 000000A4         
  309 000000A4         ; 7. Setar os bits deGPIODEN para habilitar a função dig
                       ital 
  310 000000A4         
  311 000000A4 4842            LDR              R0, =GPIO_PORTN_AHB_DEN_R ;Carr
                                                            ega o endereço do D
                                                            EN
  312 000000A6 F04F 0103       MOV              R1, #2_00000011 ;Seta os pinos 
                                                            PN0 e PN1 
  313 000000AA 6001            STR              R1, [R0]    ;Armazena no regist
                                                            rador da memória fu
                                                            ncionalidade digita
                                                            l 
  314 000000AC         
  315 000000AC 4841            LDR              R0, =GPIO_PORTF_AHB_DEN_R ;Carr
                                                            ega o endereço do D
                                                            EN
  316 000000AE F04F 0111       MOV              R1, #2_00010001 ;Seta os pinos 
                                                            PF0 e PF4
  317 000000B2 6001            STR              R1, [R0]    ;Armazena no regist
                                                            rador da memória fu
                                                            ncionalidade digita
                                                            l 
  318 000000B4         
  319 000000B4 4840            LDR              R0, =GPIO_PORTA_AHB_DEN_R ;Carr
                                                            ega R0 com o endere
                                                            ço do AMSEL para a 
                                                            porta A
  320 000000B6 F04F 01F0       MOV              R1, #2_11110000 ;Guarda no regi
                                                            strador AMSEL da po
                                                            rta F da memória
  321 000000BA 6001            STR              R1, [R0]    ;Guarda na porta F 
                                                            doGPIO o valor do R
                                                            1
  322 000000BC         
  323 000000BC 483F            LDR              R0, =GPIO_PORTB_AHB_DEN_R ;Carr
                                                            ega R0 com o endere
                                                            ço do AMSEL para a 
                                                            porta B
  324 000000BE F04F 0130       MOV              R1, #2_00110000 ;Guarda no regi
                                                            strador AMSEL da po
                                                            rta F da memória
  325 000000C2 6001            STR              R1, [R0]



ARM Macro Assembler    Page 15 


  326 000000C4         
  327 000000C4 483E            LDR              R0, =GPIO_PORTP_DEN_R ;Carrega 
                                                            R0 com o endereço d
                                                            o AMSEL para a port
                                                            a B
  328 000000C6 F04F 0120       MOV              R1, #2_00100000 ;Guarda no regi
                                                            strador AMSEL da po
                                                            rta F da memória
  329 000000CA 6001            STR              R1, [R0]
  330 000000CC         
  331 000000CC 483D            LDR              R0, =GPIO_PORTQ_DEN_R ;Carrega 
                                                            R0 com o endereço d
                                                            o AMSEL para a port
                                                            a B
  332 000000CE F04F 010F       MOV              R1, #2_00001111 ;Guarda no regi
                                                            strador AMSEL da po
                                                            rta F da memória
  333 000000D2 6001            STR              R1, [R0]
  334 000000D4         
  335 000000D4 483C            LDR              R0, =GPIO_PORTJ_AHB_DEN_R ;Carr
                                                            ega o endereço do D
                                                            EN
  336 000000D6 F04F 0103       MOV              R1, #2_00000011 ;Seta os pinos 
                                                            PJ0 e PJ1   
  337 000000DA 6001            STR              R1, [R0]    ;Armazena no regist
                                                            rador da memória fu
                                                            ncionalidade digita
                                                            l
  338 000000DC         
  339 000000DC         
  340 000000DC         ; 8. Habilitar resistor de pullUp interno
  341 000000DC 483B            LDR              R0, =GPIO_PORTJ_AHB_PUR_R ;Carr
                                                            ega o endereço do P
                                                            UR para a porta J
  342 000000DE F04F 0103       MOV              R1, #2_00000011 ;Habilitar func
                                                            ionalidade digital 
                                                            de resistor de pull
                                                            -up 
  343 000000E2 6001            STR              R1, [R0]    ;Armazena no regist
                                                            rador da memória do
                                                             resistor de pull-u
                                                            p
  344 000000E4         
  345 000000E4         ;retorna            
  346 000000E4 4770            BX               LR
  347 000000E6         
  348 000000E6         ; ------------------------------------------------------
                       --------------------------------------------------------
                       -------
  349 000000E6         Port_Output
  350 000000E6 493A            LDR              R1, =GPIO_PORTN_AHB_DATA_R ;Car
                                                            rega o valor do off
                                                            set da porta N
  351 000000E8 680A            LDR              R2, [R1]    ;Carrega o valor da
                                                             porta N em R2
  352 000000EA F022 0203       BIC              R2, #2_00000011 ;Primeiro limpa
                                                            mos os dois bits do
                                                             lido da porta R2 =
                                                             R2 & 11111100



ARM Macro Assembler    Page 16 


  353 000000EE EA42 0390       ORR              R3, R2, R0, LSR #2 ;Os últimos 
                                                            2 bits de R0 são da
                                                             porta F, não usamo
                                                            s aqui
  354 000000F2 600B            STR              R3, [R1]    ;Armazena o resulta
                                                            do na porta    
  355 000000F4         
  356 000000F4 4937            LDR              R1, =GPIO_PORTF_AHB_DATA_R ;Car
                                                            rega o valor do off
                                                            set da porta F
  357 000000F6 680A            LDR              R2, [R1]    ;Carrega o valor da
                                                             porta F em R2
  358 000000F8 F022 0211       BIC              R2, #2_00010001 ;Primeiro limpa
                                                            mos os dois bits do
                                                             lido da porta R2 =
                                                             R2 & 11101110
  359 000000FC EA40 0002       ORR              R0, R0, R2
  360 00000100 F000 0011       AND              R0, R0, #2_00010001
  361 00000104 EA40 0302       ORR              R3, R0, R2  ;Fazer o OR do valo
                                                            r lido pela porta c
                                                            om o parâmetro de e
                                                            ntrada
  362 00000108 600B            STR              R3, [R1]    ;Escreve na porta F
                                                             o barramento de da
                                                            dos dos pinos F4 e 
                                                            F0
  363 0000010A         
  364 0000010A 4933            LDR              R1, =GPIO_PORTA_AHB_DATA_R ;Car
                                                            rega o valor do off
                                                            set da porta F
  365 0000010C 680A            LDR              R2, [R1]    ;Carrega o valor da
                                                             porta F em R2
  366 0000010E F022 0211       BIC              R2, #2_00010001 ;Primeiro limpa
                                                            mos os dois bits do
                                                             lido da porta R2 =
                                                             R2 & 11101110
  367 00000112 EA40 0002       ORR              R0, R0, R2
  368 00000116 F000 0011       AND              R0, R0, #2_00010001
  369 0000011A         
  370 0000011A 4770            BX               LR          ;Retorna
  371 0000011C         
  372 0000011C         PortB_Output
  373 0000011C 492F            LDR              R1, =GPIO_PORTB_AHB_DATA_R ;Car
                                                            rega o valor do off
                                                            set da porta F
  374 0000011E 680A            LDR              R2, [R1]    ;Carrega o valor da
                                                             porta F em R2
  375 00000120 F022 0230       BIC              R2, #2_00110000 ;Primeiro limpa
                                                            mos os dois bits do
                                                             lido da porta R2 =
                                                             R2 & 11101110
  376 00000124 EA40 0002       ORR              R0, R0, R2
  377 00000128 F000 0030       AND              R0, R0, #2_00110000
  378 0000012C 6008            STR              R0, [R1]    ;Escreve na porta N
                                                             o barramentode dad
                                                            os do pino N1
  379 0000012E 4770            BX               LR
  380 00000130         
  381 00000130         PortA_Output



ARM Macro Assembler    Page 17 


  382 00000130 4929            LDR              R1, =GPIO_PORTA_AHB_DATA_R ;Car
                                                            rega o valor do off
                                                            set da porta F
  383 00000132 F000 00F0       AND              R0, R0, #2_11110000
  384 00000136 6008            STR              R0, [R1]    ;Escreve na porta N
                                                             o barramentode dad
                                                            os do pino N1
  385 00000138 4770            BX               LR          ;Retorna
  386 0000013A         
  387 0000013A         PortQ_Output
  388 0000013A 4929            LDR              R1, =GPIO_PORTQ_DATA_R ;Carrega
                                                             o valor do offset 
                                                            da porta F
  389 0000013C F000 000F       AND              R0, R0, #2_00001111
  390 00000140 6008            STR              R0, [R1]    ;Escreve na porta N
                                                             o barramentode dad
                                                            os do pino N1
  391 00000142 4770            BX               LR          ;Retorna 
  392 00000144         
  393 00000144         PortP_Output
  394 00000144 4927            LDR              R1, =GPIO_PORTP_DATA_R ;Carrega
                                                             o valor do offset 
                                                            da porta F
  395 00000146 680A            LDR              R2, [R1]    ;Carrega o valor da
                                                             porta F em R2
  396 00000148 F022 0220       BIC              R2, #2_00100000 ;Primeiro limpa
                                                            mos os dois bits do
                                                             lido da porta R2 =
                                                             R2 & 11101110
  397 0000014C EA40 0002       ORR              R0, R0, R2
  398 00000150 F000 0020       AND              R0, R0, #2_00100000
  399 00000154 6008            STR              R0, [R1]    ;Escreve na porta N
                                                             o barramentode dad
                                                            os do pino N1
  400 00000156 4770            BX               LR          ;Retorna
  401 00000158         
  402 00000158         ; ------------------------------------------------------
                       -------------------------
  403 00000158         ; Essa função retorna o valor lido na porta J
  404 00000158         PortJ_Input
  405 00000158 4923            LDR              R1, =GPIO_PORTJ_AHB_DATA_R ;Car
                                                            rega o valor do off
                                                            set do data registe
                                                            r
  406 0000015A 6808            LDR              R0, [R1]    ;Faz a leitura do b
                                                            arramento de dados 
                                                            dos pinos [J1-J0]
  407 0000015C 4770            BX               LR
  408 0000015E         
  409 0000015E 00 00           ALIGN                        ;Garante que o fim 
                                                            da seção está alinh
                                                            ada 
  410 00000160                 END                          ; fim do arquivo
              400FE608 
              400FEA08 
              40060528 
              40064528 
              4005D528 
              4006052C 



ARM Macro Assembler    Page 18 


              4006452C 
              4005D52C 
              40064400 
              4005D400 
              40058400 
              40059400 
              40065400 
              40066400 
              40060400 
              40064420 
              40060420 
              4005D420 
              40058420 
              40059420 
              4006451C 
              4005D51C 
              4005851C 
              4005951C 
              4006551C 
              4006651C 
              4006051C 
              40060510 
              400643FC 
              4005D3FC 
              400583FC 
              400593FC 
              400663FC 
              400653FC 
              400603FC 
Command Line: --debug --xref --diag_suppress=9931 --cpu=Cortex-M4.fp.sp --apcs=
interwork --depend=.\objects\gpio.d -o.\objects\gpio.o -I"D:\Programs\keil arm 
core\Keil\TM4C_DFP\1.1.0\Device\Include\TM4C129" --predefine="__EVAL SETA 1" --
predefine="__UVISION_VERSION SETA 536" --predefine="TM4C1294NCPDT SETA 1" --lis
t=.\listings\gpio.lst gpio.s



ARM Macro Assembler    Page 1 Alphabetic symbol ordering
Relocatable symbols

.text 00000000

Symbol: .text
   Definitions
      At line 204 in file gpio.s
   Uses
      None
Comment: .text unused
CheckGPIO 00000022

Symbol: CheckGPIO
   Definitions
      At line 241 in file gpio.s
   Uses
      At line 246 in file gpio.s
Comment: CheckGPIO used once
GPIO_Init 00000000

Symbol: GPIO_Init
   Definitions
      At line 221 in file gpio.s
   Uses
      At line 207 in file gpio.s
Comment: GPIO_Init used once
PortA_Output 00000130

Symbol: PortA_Output
   Definitions
      At line 381 in file gpio.s
   Uses
      At line 213 in file gpio.s
Comment: PortA_Output used once
PortB_Output 0000011C

Symbol: PortB_Output
   Definitions
      At line 372 in file gpio.s
   Uses
      At line 216 in file gpio.s
Comment: PortB_Output used once
PortJ_Input 00000158

Symbol: PortJ_Input
   Definitions
      At line 404 in file gpio.s
   Uses
      At line 211 in file gpio.s
Comment: PortJ_Input used once
PortP_Output 00000144

Symbol: PortP_Output
   Definitions
      At line 393 in file gpio.s
   Uses
      At line 214 in file gpio.s
Comment: PortP_Output used once
PortQ_Output 0000013A

Symbol: PortQ_Output



ARM Macro Assembler    Page 2 Alphabetic symbol ordering
Relocatable symbols

   Definitions
      At line 387 in file gpio.s
   Uses
      At line 215 in file gpio.s
Comment: PortQ_Output used once
Port_Output 000000E6

Symbol: Port_Output
   Definitions
      At line 349 in file gpio.s
   Uses
      At line 212 in file gpio.s
Comment: Port_Output used once
9 symbols



ARM Macro Assembler    Page 1 Alphabetic symbol ordering
Absolute symbols

GPIO_PORTA 00000001

Symbol: GPIO_PORTA
   Definitions
      At line 52 in file gpio.s
   Uses
      At line 233 in file gpio.s
Comment: GPIO_PORTA used once
GPIO_PORTA_AHB_ADCCTL_R 40058530

Symbol: GPIO_PORTA_AHB_ADCCTL_R
   Definitions
      At line 43 in file gpio.s
   Uses
      None
Comment: GPIO_PORTA_AHB_ADCCTL_R unused
GPIO_PORTA_AHB_AFSEL_R 40058420

Symbol: GPIO_PORTA_AHB_AFSEL_R
   Definitions
      At line 30 in file gpio.s
   Uses
      At line 303 in file gpio.s
Comment: GPIO_PORTA_AHB_AFSEL_R used once
GPIO_PORTA_AHB_AMSEL_R 40058528

Symbol: GPIO_PORTA_AHB_AMSEL_R
   Definitions
      At line 41 in file gpio.s
   Uses
      None
Comment: GPIO_PORTA_AHB_AMSEL_R unused
GPIO_PORTA_AHB_CR_R 40058524

Symbol: GPIO_PORTA_AHB_CR_R
   Definitions
      At line 40 in file gpio.s
   Uses
      None
Comment: GPIO_PORTA_AHB_CR_R unused
GPIO_PORTA_AHB_DATA_BITS_R 40058000

Symbol: GPIO_PORTA_AHB_DATA_BITS_R
   Definitions
      At line 16 in file gpio.s
   Uses
      None
Comment: GPIO_PORTA_AHB_DATA_BITS_R unused
GPIO_PORTA_AHB_DATA_R 400583FC

Symbol: GPIO_PORTA_AHB_DATA_R
   Definitions
      At line 21 in file gpio.s
   Uses
      At line 364 in file gpio.s
      At line 382 in file gpio.s

GPIO_PORTA_AHB_DEN_R 4005851C




ARM Macro Assembler    Page 2 Alphabetic symbol ordering
Absolute symbols

Symbol: GPIO_PORTA_AHB_DEN_R
   Definitions
      At line 38 in file gpio.s
   Uses
      At line 319 in file gpio.s
Comment: GPIO_PORTA_AHB_DEN_R used once
GPIO_PORTA_AHB_DIR_R 40058400

Symbol: GPIO_PORTA_AHB_DIR_R
   Definitions
      At line 22 in file gpio.s
   Uses
      At line 276 in file gpio.s
Comment: GPIO_PORTA_AHB_DIR_R used once
GPIO_PORTA_AHB_DMACTL_R 40058534

Symbol: GPIO_PORTA_AHB_DMACTL_R
   Definitions
      At line 44 in file gpio.s
   Uses
      None
Comment: GPIO_PORTA_AHB_DMACTL_R unused
GPIO_PORTA_AHB_DR12R_R 4005853C

Symbol: GPIO_PORTA_AHB_DR12R_R
   Definitions
      At line 46 in file gpio.s
   Uses
      None
Comment: GPIO_PORTA_AHB_DR12R_R unused
GPIO_PORTA_AHB_DR2R_R 40058500

Symbol: GPIO_PORTA_AHB_DR2R_R
   Definitions
      At line 31 in file gpio.s
   Uses
      None
Comment: GPIO_PORTA_AHB_DR2R_R unused
GPIO_PORTA_AHB_DR4R_R 40058504

Symbol: GPIO_PORTA_AHB_DR4R_R
   Definitions
      At line 32 in file gpio.s
   Uses
      None
Comment: GPIO_PORTA_AHB_DR4R_R unused
GPIO_PORTA_AHB_DR8R_R 40058508

Symbol: GPIO_PORTA_AHB_DR8R_R
   Definitions
      At line 33 in file gpio.s
   Uses
      None
Comment: GPIO_PORTA_AHB_DR8R_R unused
GPIO_PORTA_AHB_IBE_R 40058408

Symbol: GPIO_PORTA_AHB_IBE_R
   Definitions
      At line 24 in file gpio.s



ARM Macro Assembler    Page 3 Alphabetic symbol ordering
Absolute symbols

   Uses
      None
Comment: GPIO_PORTA_AHB_IBE_R unused
GPIO_PORTA_AHB_ICR_R 4005841C

Symbol: GPIO_PORTA_AHB_ICR_R
   Definitions
      At line 29 in file gpio.s
   Uses
      None
Comment: GPIO_PORTA_AHB_ICR_R unused
GPIO_PORTA_AHB_IEV_R 4005840C

Symbol: GPIO_PORTA_AHB_IEV_R
   Definitions
      At line 25 in file gpio.s
   Uses
      None
Comment: GPIO_PORTA_AHB_IEV_R unused
GPIO_PORTA_AHB_IM_R 40058410

Symbol: GPIO_PORTA_AHB_IM_R
   Definitions
      At line 26 in file gpio.s
   Uses
      None
Comment: GPIO_PORTA_AHB_IM_R unused
GPIO_PORTA_AHB_IS_R 40058404

Symbol: GPIO_PORTA_AHB_IS_R
   Definitions
      At line 23 in file gpio.s
   Uses
      None
Comment: GPIO_PORTA_AHB_IS_R unused
GPIO_PORTA_AHB_LOCK_R 40058520

Symbol: GPIO_PORTA_AHB_LOCK_R
   Definitions
      At line 39 in file gpio.s
   Uses
      None
Comment: GPIO_PORTA_AHB_LOCK_R unused
GPIO_PORTA_AHB_MIS_R 40058418

Symbol: GPIO_PORTA_AHB_MIS_R
   Definitions
      At line 28 in file gpio.s
   Uses
      None
Comment: GPIO_PORTA_AHB_MIS_R unused
GPIO_PORTA_AHB_ODR_R 4005850C

Symbol: GPIO_PORTA_AHB_ODR_R
   Definitions
      At line 34 in file gpio.s
   Uses
      None
Comment: GPIO_PORTA_AHB_ODR_R unused



ARM Macro Assembler    Page 4 Alphabetic symbol ordering
Absolute symbols

GPIO_PORTA_AHB_PCTL_R 4005852C

Symbol: GPIO_PORTA_AHB_PCTL_R
   Definitions
      At line 42 in file gpio.s
   Uses
      None
Comment: GPIO_PORTA_AHB_PCTL_R unused
GPIO_PORTA_AHB_PC_R 40058FC4

Symbol: GPIO_PORTA_AHB_PC_R
   Definitions
      At line 51 in file gpio.s
   Uses
      None
Comment: GPIO_PORTA_AHB_PC_R unused
GPIO_PORTA_AHB_PDR_R 40058514

Symbol: GPIO_PORTA_AHB_PDR_R
   Definitions
      At line 36 in file gpio.s
   Uses
      None
Comment: GPIO_PORTA_AHB_PDR_R unused
GPIO_PORTA_AHB_PP_R 40058FC0

Symbol: GPIO_PORTA_AHB_PP_R
   Definitions
      At line 50 in file gpio.s
   Uses
      None
Comment: GPIO_PORTA_AHB_PP_R unused
GPIO_PORTA_AHB_PUR_R 40058510

Symbol: GPIO_PORTA_AHB_PUR_R
   Definitions
      At line 35 in file gpio.s
   Uses
      None
Comment: GPIO_PORTA_AHB_PUR_R unused
GPIO_PORTA_AHB_RIS_R 40058414

Symbol: GPIO_PORTA_AHB_RIS_R
   Definitions
      At line 27 in file gpio.s
   Uses
      None
Comment: GPIO_PORTA_AHB_RIS_R unused
GPIO_PORTA_AHB_SI_R 40058538

Symbol: GPIO_PORTA_AHB_SI_R
   Definitions
      At line 45 in file gpio.s
   Uses
      None
Comment: GPIO_PORTA_AHB_SI_R unused
GPIO_PORTA_AHB_SLR_R 40058518

Symbol: GPIO_PORTA_AHB_SLR_R



ARM Macro Assembler    Page 5 Alphabetic symbol ordering
Absolute symbols

   Definitions
      At line 37 in file gpio.s
   Uses
      None
Comment: GPIO_PORTA_AHB_SLR_R unused
GPIO_PORTA_AHB_WAKELVL_R 40058544

Symbol: GPIO_PORTA_AHB_WAKELVL_R
   Definitions
      At line 48 in file gpio.s
   Uses
      None
Comment: GPIO_PORTA_AHB_WAKELVL_R unused
GPIO_PORTA_AHB_WAKEPEN_R 40058540

Symbol: GPIO_PORTA_AHB_WAKEPEN_R
   Definitions
      At line 47 in file gpio.s
   Uses
      None
Comment: GPIO_PORTA_AHB_WAKEPEN_R unused
GPIO_PORTA_AHB_WAKESTAT_R 40058548

Symbol: GPIO_PORTA_AHB_WAKESTAT_R
   Definitions
      At line 49 in file gpio.s
   Uses
      None
Comment: GPIO_PORTA_AHB_WAKESTAT_R unused
GPIO_PORTB 00000002

Symbol: GPIO_PORTB
   Definitions
      At line 197 in file gpio.s
   Uses
      At line 234 in file gpio.s
Comment: GPIO_PORTB used once
GPIO_PORTB_AHB_ADCCTL_R 40059530

Symbol: GPIO_PORTB_AHB_ADCCTL_R
   Definitions
      At line 188 in file gpio.s
   Uses
      None
Comment: GPIO_PORTB_AHB_ADCCTL_R unused
GPIO_PORTB_AHB_AFSEL_R 40059420

Symbol: GPIO_PORTB_AHB_AFSEL_R
   Definitions
      At line 175 in file gpio.s
   Uses
      At line 305 in file gpio.s
Comment: GPIO_PORTB_AHB_AFSEL_R used once
GPIO_PORTB_AHB_AMSEL_R 40059528

Symbol: GPIO_PORTB_AHB_AMSEL_R
   Definitions
      At line 186 in file gpio.s
   Uses



ARM Macro Assembler    Page 6 Alphabetic symbol ordering
Absolute symbols

      None
Comment: GPIO_PORTB_AHB_AMSEL_R unused
GPIO_PORTB_AHB_CR_R 40059524

Symbol: GPIO_PORTB_AHB_CR_R
   Definitions
      At line 185 in file gpio.s
   Uses
      None
Comment: GPIO_PORTB_AHB_CR_R unused
GPIO_PORTB_AHB_DATA_BITS_R 40059000

Symbol: GPIO_PORTB_AHB_DATA_BITS_R
   Definitions
      At line 165 in file gpio.s
   Uses
      None
Comment: GPIO_PORTB_AHB_DATA_BITS_R unused
GPIO_PORTB_AHB_DATA_R 400593FC

Symbol: GPIO_PORTB_AHB_DATA_R
   Definitions
      At line 166 in file gpio.s
   Uses
      At line 373 in file gpio.s
Comment: GPIO_PORTB_AHB_DATA_R used once
GPIO_PORTB_AHB_DEN_R 4005951C

Symbol: GPIO_PORTB_AHB_DEN_R
   Definitions
      At line 183 in file gpio.s
   Uses
      At line 323 in file gpio.s
Comment: GPIO_PORTB_AHB_DEN_R used once
GPIO_PORTB_AHB_DIR_R 40059400

Symbol: GPIO_PORTB_AHB_DIR_R
   Definitions
      At line 167 in file gpio.s
   Uses
      At line 279 in file gpio.s
Comment: GPIO_PORTB_AHB_DIR_R used once
GPIO_PORTB_AHB_DMACTL_R 40059534

Symbol: GPIO_PORTB_AHB_DMACTL_R
   Definitions
      At line 189 in file gpio.s
   Uses
      None
Comment: GPIO_PORTB_AHB_DMACTL_R unused
GPIO_PORTB_AHB_DR12R_R 4005953C

Symbol: GPIO_PORTB_AHB_DR12R_R
   Definitions
      At line 191 in file gpio.s
   Uses
      None
Comment: GPIO_PORTB_AHB_DR12R_R unused
GPIO_PORTB_AHB_DR2R_R 40059500



ARM Macro Assembler    Page 7 Alphabetic symbol ordering
Absolute symbols


Symbol: GPIO_PORTB_AHB_DR2R_R
   Definitions
      At line 176 in file gpio.s
   Uses
      None
Comment: GPIO_PORTB_AHB_DR2R_R unused
GPIO_PORTB_AHB_DR4R_R 40059504

Symbol: GPIO_PORTB_AHB_DR4R_R
   Definitions
      At line 177 in file gpio.s
   Uses
      None
Comment: GPIO_PORTB_AHB_DR4R_R unused
GPIO_PORTB_AHB_DR8R_R 40059508

Symbol: GPIO_PORTB_AHB_DR8R_R
   Definitions
      At line 178 in file gpio.s
   Uses
      None
Comment: GPIO_PORTB_AHB_DR8R_R unused
GPIO_PORTB_AHB_IBE_R 40059408

Symbol: GPIO_PORTB_AHB_IBE_R
   Definitions
      At line 169 in file gpio.s
   Uses
      None
Comment: GPIO_PORTB_AHB_IBE_R unused
GPIO_PORTB_AHB_ICR_R 4005941C

Symbol: GPIO_PORTB_AHB_ICR_R
   Definitions
      At line 174 in file gpio.s
   Uses
      None
Comment: GPIO_PORTB_AHB_ICR_R unused
GPIO_PORTB_AHB_IEV_R 4005940C

Symbol: GPIO_PORTB_AHB_IEV_R
   Definitions
      At line 170 in file gpio.s
   Uses
      None
Comment: GPIO_PORTB_AHB_IEV_R unused
GPIO_PORTB_AHB_IM_R 40059410

Symbol: GPIO_PORTB_AHB_IM_R
   Definitions
      At line 171 in file gpio.s
   Uses
      None
Comment: GPIO_PORTB_AHB_IM_R unused
GPIO_PORTB_AHB_IS_R 40059404

Symbol: GPIO_PORTB_AHB_IS_R
   Definitions



ARM Macro Assembler    Page 8 Alphabetic symbol ordering
Absolute symbols

      At line 168 in file gpio.s
   Uses
      None
Comment: GPIO_PORTB_AHB_IS_R unused
GPIO_PORTB_AHB_LOCK_R 40059520

Symbol: GPIO_PORTB_AHB_LOCK_R
   Definitions
      At line 184 in file gpio.s
   Uses
      None
Comment: GPIO_PORTB_AHB_LOCK_R unused
GPIO_PORTB_AHB_MIS_R 40059418

Symbol: GPIO_PORTB_AHB_MIS_R
   Definitions
      At line 173 in file gpio.s
   Uses
      None
Comment: GPIO_PORTB_AHB_MIS_R unused
GPIO_PORTB_AHB_ODR_R 4005950C

Symbol: GPIO_PORTB_AHB_ODR_R
   Definitions
      At line 179 in file gpio.s
   Uses
      None
Comment: GPIO_PORTB_AHB_ODR_R unused
GPIO_PORTB_AHB_PCTL_R 4005952C

Symbol: GPIO_PORTB_AHB_PCTL_R
   Definitions
      At line 187 in file gpio.s
   Uses
      None
Comment: GPIO_PORTB_AHB_PCTL_R unused
GPIO_PORTB_AHB_PC_R 40059FC4

Symbol: GPIO_PORTB_AHB_PC_R
   Definitions
      At line 196 in file gpio.s
   Uses
      None
Comment: GPIO_PORTB_AHB_PC_R unused
GPIO_PORTB_AHB_PDR_R 40059514

Symbol: GPIO_PORTB_AHB_PDR_R
   Definitions
      At line 181 in file gpio.s
   Uses
      None
Comment: GPIO_PORTB_AHB_PDR_R unused
GPIO_PORTB_AHB_PP_R 40059FC0

Symbol: GPIO_PORTB_AHB_PP_R
   Definitions
      At line 195 in file gpio.s
   Uses
      None



ARM Macro Assembler    Page 9 Alphabetic symbol ordering
Absolute symbols

Comment: GPIO_PORTB_AHB_PP_R unused
GPIO_PORTB_AHB_PUR_R 40059510

Symbol: GPIO_PORTB_AHB_PUR_R
   Definitions
      At line 180 in file gpio.s
   Uses
      None
Comment: GPIO_PORTB_AHB_PUR_R unused
GPIO_PORTB_AHB_RIS_R 40059414

Symbol: GPIO_PORTB_AHB_RIS_R
   Definitions
      At line 172 in file gpio.s
   Uses
      None
Comment: GPIO_PORTB_AHB_RIS_R unused
GPIO_PORTB_AHB_SI_R 40059538

Symbol: GPIO_PORTB_AHB_SI_R
   Definitions
      At line 190 in file gpio.s
   Uses
      None
Comment: GPIO_PORTB_AHB_SI_R unused
GPIO_PORTB_AHB_SLR_R 40059518

Symbol: GPIO_PORTB_AHB_SLR_R
   Definitions
      At line 182 in file gpio.s
   Uses
      None
Comment: GPIO_PORTB_AHB_SLR_R unused
GPIO_PORTB_AHB_WAKELVL_R 40059544

Symbol: GPIO_PORTB_AHB_WAKELVL_R
   Definitions
      At line 193 in file gpio.s
   Uses
      None
Comment: GPIO_PORTB_AHB_WAKELVL_R unused
GPIO_PORTB_AHB_WAKEPEN_R 40059540

Symbol: GPIO_PORTB_AHB_WAKEPEN_R
   Definitions
      At line 192 in file gpio.s
   Uses
      None
Comment: GPIO_PORTB_AHB_WAKEPEN_R unused
GPIO_PORTB_AHB_WAKESTAT_R 40059548

Symbol: GPIO_PORTB_AHB_WAKESTAT_R
   Definitions
      At line 194 in file gpio.s
   Uses
      None
Comment: GPIO_PORTB_AHB_WAKESTAT_R unused
GPIO_PORTF 00000020




ARM Macro Assembler    Page 10 Alphabetic symbol ordering
Absolute symbols

Symbol: GPIO_PORTF
   Definitions
      At line 85 in file gpio.s
   Uses
      At line 232 in file gpio.s
      At line 244 in file gpio.s

GPIO_PORTF_AHB_AFSEL_R 4005D420

Symbol: GPIO_PORTF_AHB_AFSEL_R
   Definitions
      At line 81 in file gpio.s
   Uses
      At line 301 in file gpio.s
Comment: GPIO_PORTF_AHB_AFSEL_R used once
GPIO_PORTF_AHB_AMSEL_R 4005D528

Symbol: GPIO_PORTF_AHB_AMSEL_R
   Definitions
      At line 78 in file gpio.s
   Uses
      At line 254 in file gpio.s
Comment: GPIO_PORTF_AHB_AMSEL_R used once
GPIO_PORTF_AHB_CR_R 4005D524

Symbol: GPIO_PORTF_AHB_CR_R
   Definitions
      At line 77 in file gpio.s
   Uses
      None
Comment: GPIO_PORTF_AHB_CR_R unused
GPIO_PORTF_AHB_DATA_R 4005D3FC

Symbol: GPIO_PORTF_AHB_DATA_R
   Definitions
      At line 84 in file gpio.s
   Uses
      At line 356 in file gpio.s
Comment: GPIO_PORTF_AHB_DATA_R used once
GPIO_PORTF_AHB_DEN_R 4005D51C

Symbol: GPIO_PORTF_AHB_DEN_R
   Definitions
      At line 82 in file gpio.s
   Uses
      At line 315 in file gpio.s
Comment: GPIO_PORTF_AHB_DEN_R used once
GPIO_PORTF_AHB_DIR_R 4005D400

Symbol: GPIO_PORTF_AHB_DIR_R
   Definitions
      At line 80 in file gpio.s
   Uses
      At line 273 in file gpio.s
Comment: GPIO_PORTF_AHB_DIR_R used once
GPIO_PORTF_AHB_LOCK_R 4005D520

Symbol: GPIO_PORTF_AHB_LOCK_R
   Definitions



ARM Macro Assembler    Page 11 Alphabetic symbol ordering
Absolute symbols

      At line 76 in file gpio.s
   Uses
      None
Comment: GPIO_PORTF_AHB_LOCK_R unused
GPIO_PORTF_AHB_PCTL_R 4005D52C

Symbol: GPIO_PORTF_AHB_PCTL_R
   Definitions
      At line 79 in file gpio.s
   Uses
      At line 263 in file gpio.s
Comment: GPIO_PORTF_AHB_PCTL_R used once
GPIO_PORTF_AHB_PUR_R 4005D510

Symbol: GPIO_PORTF_AHB_PUR_R
   Definitions
      At line 83 in file gpio.s
   Uses
      None
Comment: GPIO_PORTF_AHB_PUR_R unused
GPIO_PORTJ 00000100

Symbol: GPIO_PORTJ
   Definitions
      At line 63 in file gpio.s
   Uses
      At line 231 in file gpio.s
      At line 243 in file gpio.s

GPIO_PORTJ_AHB_AFSEL_R 40060420

Symbol: GPIO_PORTJ_AHB_AFSEL_R
   Definitions
      At line 59 in file gpio.s
   Uses
      At line 299 in file gpio.s
Comment: GPIO_PORTJ_AHB_AFSEL_R used once
GPIO_PORTJ_AHB_AMSEL_R 40060528

Symbol: GPIO_PORTJ_AHB_AMSEL_R
   Definitions
      At line 56 in file gpio.s
   Uses
      At line 250 in file gpio.s
Comment: GPIO_PORTJ_AHB_AMSEL_R used once
GPIO_PORTJ_AHB_CR_R 40060524

Symbol: GPIO_PORTJ_AHB_CR_R
   Definitions
      At line 55 in file gpio.s
   Uses
      None
Comment: GPIO_PORTJ_AHB_CR_R unused
GPIO_PORTJ_AHB_DATA_R 400603FC

Symbol: GPIO_PORTJ_AHB_DATA_R
   Definitions
      At line 62 in file gpio.s
   Uses



ARM Macro Assembler    Page 12 Alphabetic symbol ordering
Absolute symbols

      At line 405 in file gpio.s
Comment: GPIO_PORTJ_AHB_DATA_R used once
GPIO_PORTJ_AHB_DEN_R 4006051C

Symbol: GPIO_PORTJ_AHB_DEN_R
   Definitions
      At line 60 in file gpio.s
   Uses
      At line 335 in file gpio.s
Comment: GPIO_PORTJ_AHB_DEN_R used once
GPIO_PORTJ_AHB_DIR_R 40060400

Symbol: GPIO_PORTJ_AHB_DIR_R
   Definitions
      At line 58 in file gpio.s
   Uses
      At line 291 in file gpio.s
Comment: GPIO_PORTJ_AHB_DIR_R used once
GPIO_PORTJ_AHB_LOCK_R 40060520

Symbol: GPIO_PORTJ_AHB_LOCK_R
   Definitions
      At line 54 in file gpio.s
   Uses
      None
Comment: GPIO_PORTJ_AHB_LOCK_R unused
GPIO_PORTJ_AHB_PCTL_R 4006052C

Symbol: GPIO_PORTJ_AHB_PCTL_R
   Definitions
      At line 57 in file gpio.s
   Uses
      At line 259 in file gpio.s
Comment: GPIO_PORTJ_AHB_PCTL_R used once
GPIO_PORTJ_AHB_PUR_R 40060510

Symbol: GPIO_PORTJ_AHB_PUR_R
   Definitions
      At line 61 in file gpio.s
   Uses
      At line 341 in file gpio.s
Comment: GPIO_PORTJ_AHB_PUR_R used once
GPIO_PORTN 00001000

Symbol: GPIO_PORTN
   Definitions
      At line 74 in file gpio.s
   Uses
      At line 230 in file gpio.s
      At line 242 in file gpio.s

GPIO_PORTN_AHB_AFSEL_R 40064420

Symbol: GPIO_PORTN_AHB_AFSEL_R
   Definitions
      At line 70 in file gpio.s
   Uses
      At line 297 in file gpio.s
Comment: GPIO_PORTN_AHB_AFSEL_R used once



ARM Macro Assembler    Page 13 Alphabetic symbol ordering
Absolute symbols

GPIO_PORTN_AHB_AMSEL_R 40064528

Symbol: GPIO_PORTN_AHB_AMSEL_R
   Definitions
      At line 67 in file gpio.s
   Uses
      At line 252 in file gpio.s
Comment: GPIO_PORTN_AHB_AMSEL_R used once
GPIO_PORTN_AHB_CR_R 40064524

Symbol: GPIO_PORTN_AHB_CR_R
   Definitions
      At line 66 in file gpio.s
   Uses
      None
Comment: GPIO_PORTN_AHB_CR_R unused
GPIO_PORTN_AHB_DATA_R 400643FC

Symbol: GPIO_PORTN_AHB_DATA_R
   Definitions
      At line 73 in file gpio.s
   Uses
      At line 350 in file gpio.s
Comment: GPIO_PORTN_AHB_DATA_R used once
GPIO_PORTN_AHB_DEN_R 4006451C

Symbol: GPIO_PORTN_AHB_DEN_R
   Definitions
      At line 71 in file gpio.s
   Uses
      At line 311 in file gpio.s
Comment: GPIO_PORTN_AHB_DEN_R used once
GPIO_PORTN_AHB_DIR_R 40064400

Symbol: GPIO_PORTN_AHB_DIR_R
   Definitions
      At line 69 in file gpio.s
   Uses
      At line 270 in file gpio.s
Comment: GPIO_PORTN_AHB_DIR_R used once
GPIO_PORTN_AHB_LOCK_R 40064520

Symbol: GPIO_PORTN_AHB_LOCK_R
   Definitions
      At line 65 in file gpio.s
   Uses
      None
Comment: GPIO_PORTN_AHB_LOCK_R unused
GPIO_PORTN_AHB_PCTL_R 4006452C

Symbol: GPIO_PORTN_AHB_PCTL_R
   Definitions
      At line 68 in file gpio.s
   Uses
      At line 261 in file gpio.s
Comment: GPIO_PORTN_AHB_PCTL_R used once
GPIO_PORTN_AHB_PUR_R 40064510

Symbol: GPIO_PORTN_AHB_PUR_R



ARM Macro Assembler    Page 14 Alphabetic symbol ordering
Absolute symbols

   Definitions
      At line 72 in file gpio.s
   Uses
      None
Comment: GPIO_PORTN_AHB_PUR_R unused
GPIO_PORTP 00002000

Symbol: GPIO_PORTP
   Definitions
      At line 119 in file gpio.s
   Uses
      At line 236 in file gpio.s
Comment: GPIO_PORTP used once
GPIO_PORTP_ADCCTL_R 40065530

Symbol: GPIO_PORTP_ADCCTL_R
   Definitions
      At line 110 in file gpio.s
   Uses
      None
Comment: GPIO_PORTP_ADCCTL_R unused
GPIO_PORTP_AFSEL_R 40065420

Symbol: GPIO_PORTP_AFSEL_R
   Definitions
      At line 97 in file gpio.s
   Uses
      None
Comment: GPIO_PORTP_AFSEL_R unused
GPIO_PORTP_AMSEL_R 40065528

Symbol: GPIO_PORTP_AMSEL_R
   Definitions
      At line 108 in file gpio.s
   Uses
      None
Comment: GPIO_PORTP_AMSEL_R unused
GPIO_PORTP_CR_R 40065524

Symbol: GPIO_PORTP_CR_R
   Definitions
      At line 107 in file gpio.s
   Uses
      None
Comment: GPIO_PORTP_CR_R unused
GPIO_PORTP_DATA_R 400653FC

Symbol: GPIO_PORTP_DATA_R
   Definitions
      At line 88 in file gpio.s
   Uses
      At line 394 in file gpio.s
Comment: GPIO_PORTP_DATA_R used once
GPIO_PORTP_DEN_R 4006551C

Symbol: GPIO_PORTP_DEN_R
   Definitions
      At line 105 in file gpio.s
   Uses



ARM Macro Assembler    Page 15 Alphabetic symbol ordering
Absolute symbols

      At line 327 in file gpio.s
Comment: GPIO_PORTP_DEN_R used once
GPIO_PORTP_DIR_R 40065400

Symbol: GPIO_PORTP_DIR_R
   Definitions
      At line 89 in file gpio.s
   Uses
      At line 282 in file gpio.s
Comment: GPIO_PORTP_DIR_R used once
GPIO_PORTP_DMACTL_R 40065534

Symbol: GPIO_PORTP_DMACTL_R
   Definitions
      At line 111 in file gpio.s
   Uses
      None
Comment: GPIO_PORTP_DMACTL_R unused
GPIO_PORTP_DR12R_R 4006553C

Symbol: GPIO_PORTP_DR12R_R
   Definitions
      At line 113 in file gpio.s
   Uses
      None
Comment: GPIO_PORTP_DR12R_R unused
GPIO_PORTP_DR2R_R 40065500

Symbol: GPIO_PORTP_DR2R_R
   Definitions
      At line 98 in file gpio.s
   Uses
      None
Comment: GPIO_PORTP_DR2R_R unused
GPIO_PORTP_DR4R_R 40065504

Symbol: GPIO_PORTP_DR4R_R
   Definitions
      At line 99 in file gpio.s
   Uses
      None
Comment: GPIO_PORTP_DR4R_R unused
GPIO_PORTP_DR8R_R 40065508

Symbol: GPIO_PORTP_DR8R_R
   Definitions
      At line 100 in file gpio.s
   Uses
      None
Comment: GPIO_PORTP_DR8R_R unused
GPIO_PORTP_IBE_R 40065408

Symbol: GPIO_PORTP_IBE_R
   Definitions
      At line 91 in file gpio.s
   Uses
      None
Comment: GPIO_PORTP_IBE_R unused
GPIO_PORTP_ICR_R 4006541C



ARM Macro Assembler    Page 16 Alphabetic symbol ordering
Absolute symbols


Symbol: GPIO_PORTP_ICR_R
   Definitions
      At line 96 in file gpio.s
   Uses
      None
Comment: GPIO_PORTP_ICR_R unused
GPIO_PORTP_IEV_R 4006540C

Symbol: GPIO_PORTP_IEV_R
   Definitions
      At line 92 in file gpio.s
   Uses
      None
Comment: GPIO_PORTP_IEV_R unused
GPIO_PORTP_IM_R 40065410

Symbol: GPIO_PORTP_IM_R
   Definitions
      At line 93 in file gpio.s
   Uses
      None
Comment: GPIO_PORTP_IM_R unused
GPIO_PORTP_IS_R 40065404

Symbol: GPIO_PORTP_IS_R
   Definitions
      At line 90 in file gpio.s
   Uses
      None
Comment: GPIO_PORTP_IS_R unused
GPIO_PORTP_LOCK_R 40065520

Symbol: GPIO_PORTP_LOCK_R
   Definitions
      At line 106 in file gpio.s
   Uses
      None
Comment: GPIO_PORTP_LOCK_R unused
GPIO_PORTP_MIS_R 40065418

Symbol: GPIO_PORTP_MIS_R
   Definitions
      At line 95 in file gpio.s
   Uses
      None
Comment: GPIO_PORTP_MIS_R unused
GPIO_PORTP_ODR_R 4006550C

Symbol: GPIO_PORTP_ODR_R
   Definitions
      At line 101 in file gpio.s
   Uses
      None
Comment: GPIO_PORTP_ODR_R unused
GPIO_PORTP_PCTL_R 4006552C

Symbol: GPIO_PORTP_PCTL_R
   Definitions



ARM Macro Assembler    Page 17 Alphabetic symbol ordering
Absolute symbols

      At line 109 in file gpio.s
   Uses
      None
Comment: GPIO_PORTP_PCTL_R unused
GPIO_PORTP_PC_R 40065FC4

Symbol: GPIO_PORTP_PC_R
   Definitions
      At line 118 in file gpio.s
   Uses
      None
Comment: GPIO_PORTP_PC_R unused
GPIO_PORTP_PDR_R 40065514

Symbol: GPIO_PORTP_PDR_R
   Definitions
      At line 103 in file gpio.s
   Uses
      None
Comment: GPIO_PORTP_PDR_R unused
GPIO_PORTP_PP_R 40065FC0

Symbol: GPIO_PORTP_PP_R
   Definitions
      At line 117 in file gpio.s
   Uses
      None
Comment: GPIO_PORTP_PP_R unused
GPIO_PORTP_PUR_R 40065510

Symbol: GPIO_PORTP_PUR_R
   Definitions
      At line 102 in file gpio.s
   Uses
      None
Comment: GPIO_PORTP_PUR_R unused
GPIO_PORTP_RIS_R 40065414

Symbol: GPIO_PORTP_RIS_R
   Definitions
      At line 94 in file gpio.s
   Uses
      None
Comment: GPIO_PORTP_RIS_R unused
GPIO_PORTP_SI_R 40065538

Symbol: GPIO_PORTP_SI_R
   Definitions
      At line 112 in file gpio.s
   Uses
      None
Comment: GPIO_PORTP_SI_R unused
GPIO_PORTP_SLR_R 40065518

Symbol: GPIO_PORTP_SLR_R
   Definitions
      At line 104 in file gpio.s
   Uses
      None



ARM Macro Assembler    Page 18 Alphabetic symbol ordering
Absolute symbols

Comment: GPIO_PORTP_SLR_R unused
GPIO_PORTP_WAKELVL_R 40065544

Symbol: GPIO_PORTP_WAKELVL_R
   Definitions
      At line 115 in file gpio.s
   Uses
      None
Comment: GPIO_PORTP_WAKELVL_R unused
GPIO_PORTP_WAKEPEN_R 40065540

Symbol: GPIO_PORTP_WAKEPEN_R
   Definitions
      At line 114 in file gpio.s
   Uses
      None
Comment: GPIO_PORTP_WAKEPEN_R unused
GPIO_PORTP_WAKESTAT_R 40065548

Symbol: GPIO_PORTP_WAKESTAT_R
   Definitions
      At line 116 in file gpio.s
   Uses
      None
Comment: GPIO_PORTP_WAKESTAT_R unused
GPIO_PORTQ 00004000

Symbol: GPIO_PORTQ
   Definitions
      At line 158 in file gpio.s
   Uses
      At line 235 in file gpio.s
Comment: GPIO_PORTQ used once
GPIO_PORTQ_ADCCTL_R 40066530

Symbol: GPIO_PORTQ_ADCCTL_R
   Definitions
      At line 149 in file gpio.s
   Uses
      None
Comment: GPIO_PORTQ_ADCCTL_R unused
GPIO_PORTQ_AFSEL_R 40066420

Symbol: GPIO_PORTQ_AFSEL_R
   Definitions
      At line 136 in file gpio.s
   Uses
      None
Comment: GPIO_PORTQ_AFSEL_R unused
GPIO_PORTQ_AMSEL_R 40066528

Symbol: GPIO_PORTQ_AMSEL_R
   Definitions
      At line 147 in file gpio.s
   Uses
      None
Comment: GPIO_PORTQ_AMSEL_R unused
GPIO_PORTQ_CR_R 40066524




ARM Macro Assembler    Page 19 Alphabetic symbol ordering
Absolute symbols

Symbol: GPIO_PORTQ_CR_R
   Definitions
      At line 146 in file gpio.s
   Uses
      None
Comment: GPIO_PORTQ_CR_R unused
GPIO_PORTQ_DATA_BITS_R 40066000

Symbol: GPIO_PORTQ_DATA_BITS_R
   Definitions
      At line 126 in file gpio.s
   Uses
      None
Comment: GPIO_PORTQ_DATA_BITS_R unused
GPIO_PORTQ_DATA_R 400663FC

Symbol: GPIO_PORTQ_DATA_R
   Definitions
      At line 127 in file gpio.s
   Uses
      At line 388 in file gpio.s
Comment: GPIO_PORTQ_DATA_R used once
GPIO_PORTQ_DEN_R 4006651C

Symbol: GPIO_PORTQ_DEN_R
   Definitions
      At line 144 in file gpio.s
   Uses
      At line 331 in file gpio.s
Comment: GPIO_PORTQ_DEN_R used once
GPIO_PORTQ_DIR_R 40066400

Symbol: GPIO_PORTQ_DIR_R
   Definitions
      At line 128 in file gpio.s
   Uses
      At line 285 in file gpio.s
Comment: GPIO_PORTQ_DIR_R used once
GPIO_PORTQ_DMACTL_R 40066534

Symbol: GPIO_PORTQ_DMACTL_R
   Definitions
      At line 150 in file gpio.s
   Uses
      None
Comment: GPIO_PORTQ_DMACTL_R unused
GPIO_PORTQ_DR12R_R 4006653C

Symbol: GPIO_PORTQ_DR12R_R
   Definitions
      At line 152 in file gpio.s
   Uses
      None
Comment: GPIO_PORTQ_DR12R_R unused
GPIO_PORTQ_DR2R_R 40066500

Symbol: GPIO_PORTQ_DR2R_R
   Definitions
      At line 137 in file gpio.s



ARM Macro Assembler    Page 20 Alphabetic symbol ordering
Absolute symbols

   Uses
      None
Comment: GPIO_PORTQ_DR2R_R unused
GPIO_PORTQ_DR4R_R 40066504

Symbol: GPIO_PORTQ_DR4R_R
   Definitions
      At line 138 in file gpio.s
   Uses
      None
Comment: GPIO_PORTQ_DR4R_R unused
GPIO_PORTQ_DR8R_R 40066508

Symbol: GPIO_PORTQ_DR8R_R
   Definitions
      At line 139 in file gpio.s
   Uses
      None
Comment: GPIO_PORTQ_DR8R_R unused
GPIO_PORTQ_IBE_R 40066408

Symbol: GPIO_PORTQ_IBE_R
   Definitions
      At line 130 in file gpio.s
   Uses
      None
Comment: GPIO_PORTQ_IBE_R unused
GPIO_PORTQ_ICR_R 4006641C

Symbol: GPIO_PORTQ_ICR_R
   Definitions
      At line 135 in file gpio.s
   Uses
      None
Comment: GPIO_PORTQ_ICR_R unused
GPIO_PORTQ_IEV_R 4006640C

Symbol: GPIO_PORTQ_IEV_R
   Definitions
      At line 131 in file gpio.s
   Uses
      None
Comment: GPIO_PORTQ_IEV_R unused
GPIO_PORTQ_IM_R 40066410

Symbol: GPIO_PORTQ_IM_R
   Definitions
      At line 132 in file gpio.s
   Uses
      None
Comment: GPIO_PORTQ_IM_R unused
GPIO_PORTQ_IS_R 40066404

Symbol: GPIO_PORTQ_IS_R
   Definitions
      At line 129 in file gpio.s
   Uses
      None
Comment: GPIO_PORTQ_IS_R unused



ARM Macro Assembler    Page 21 Alphabetic symbol ordering
Absolute symbols

GPIO_PORTQ_LOCK_R 40066520

Symbol: GPIO_PORTQ_LOCK_R
   Definitions
      At line 145 in file gpio.s
   Uses
      None
Comment: GPIO_PORTQ_LOCK_R unused
GPIO_PORTQ_MIS_R 40066418

Symbol: GPIO_PORTQ_MIS_R
   Definitions
      At line 134 in file gpio.s
   Uses
      None
Comment: GPIO_PORTQ_MIS_R unused
GPIO_PORTQ_ODR_R 4006650C

Symbol: GPIO_PORTQ_ODR_R
   Definitions
      At line 140 in file gpio.s
   Uses
      None
Comment: GPIO_PORTQ_ODR_R unused
GPIO_PORTQ_PCTL_R 4006652C

Symbol: GPIO_PORTQ_PCTL_R
   Definitions
      At line 148 in file gpio.s
   Uses
      None
Comment: GPIO_PORTQ_PCTL_R unused
GPIO_PORTQ_PC_R 040066FC

Symbol: GPIO_PORTQ_PC_R
   Definitions
      At line 157 in file gpio.s
   Uses
      None
Comment: GPIO_PORTQ_PC_R unused
GPIO_PORTQ_PDR_R 40066514

Symbol: GPIO_PORTQ_PDR_R
   Definitions
      At line 142 in file gpio.s
   Uses
      None
Comment: GPIO_PORTQ_PDR_R unused
GPIO_PORTQ_PP_R 40066FC0

Symbol: GPIO_PORTQ_PP_R
   Definitions
      At line 156 in file gpio.s
   Uses
      None
Comment: GPIO_PORTQ_PP_R unused
GPIO_PORTQ_PUR_R 40066510

Symbol: GPIO_PORTQ_PUR_R



ARM Macro Assembler    Page 22 Alphabetic symbol ordering
Absolute symbols

   Definitions
      At line 141 in file gpio.s
   Uses
      None
Comment: GPIO_PORTQ_PUR_R unused
GPIO_PORTQ_RIS_R 40066414

Symbol: GPIO_PORTQ_RIS_R
   Definitions
      At line 133 in file gpio.s
   Uses
      None
Comment: GPIO_PORTQ_RIS_R unused
GPIO_PORTQ_SI_R 40066538

Symbol: GPIO_PORTQ_SI_R
   Definitions
      At line 151 in file gpio.s
   Uses
      None
Comment: GPIO_PORTQ_SI_R unused
GPIO_PORTQ_SLR_R 40066518

Symbol: GPIO_PORTQ_SLR_R
   Definitions
      At line 143 in file gpio.s
   Uses
      None
Comment: GPIO_PORTQ_SLR_R unused
GPIO_PORTQ_WAKELVL_R 40066544

Symbol: GPIO_PORTQ_WAKELVL_R
   Definitions
      At line 154 in file gpio.s
   Uses
      None
Comment: GPIO_PORTQ_WAKELVL_R unused
GPIO_PORTQ_WAKEPEN_R 40066540

Symbol: GPIO_PORTQ_WAKEPEN_R
   Definitions
      At line 153 in file gpio.s
   Uses
      None
Comment: GPIO_PORTQ_WAKEPEN_R unused
GPIO_PORTQ_WAKESTAT_R 40066548

Symbol: GPIO_PORTQ_WAKESTAT_R
   Definitions
      At line 155 in file gpio.s
   Uses
      None
Comment: GPIO_PORTQ_WAKESTAT_R unused
SYSCTL_PRGPIO_R 400FEA08

Symbol: SYSCTL_PRGPIO_R
   Definitions
      At line 15 in file gpio.s
   Uses



ARM Macro Assembler    Page 23 Alphabetic symbol ordering
Absolute symbols

      At line 240 in file gpio.s
Comment: SYSCTL_PRGPIO_R used once
SYSCTL_RCGCGPIO_R 400FE608

Symbol: SYSCTL_RCGCGPIO_R
   Definitions
      At line 14 in file gpio.s
   Uses
      At line 229 in file gpio.s
Comment: SYSCTL_RCGCGPIO_R used once
163 symbols
508 symbols in table
